This is pdfTeX, Version 3.1415926-2.3-1.40.12 (MiKTeX 2.9) (preloaded format=pdflatex 2012.10.22)  13 AUG 2014 19:22
entering extended mode
**C:/Narvis/CTSim/Doku/main.tex
(C:/Narvis/CTSim/Doku/main.tex
LaTeX2e <2011/06/27>
Babel <v3.8m> and hyphenation patterns for english, afrikaans, ancientgreek, ar
abic, armenian, assamese, basque, bengali, bokmal, bulgarian, catalan, coptic, 
croatian, czech, danish, dutch, esperanto, estonian, farsi, finnish, french, ga
lician, german, german-x-2009-06-19, greek, gujarati, hindi, hungarian, iceland
ic, indonesian, interlingua, irish, italian, kannada, kurmanji, lao, latin, lat
vian, lithuanian, malayalam, marathi, mongolian, mongolianlmc, monogreek, ngerm
an, ngerman-x-2009-06-19, nynorsk, oriya, panjabi, pinyin, polish, portuguese, 
romanian, russian, sanskrit, serbian, slovak, slovenian, spanish, swedish, swis
sgerman, tamil, telugu, turkish, turkmen, ukenglish, ukrainian, uppersorbian, u
senglishmax, welsh, loaded.
("C:\Program Files (x86)\MiKTeX 2.9\tex\latex\koma-script\scrbook.cls"
Document Class: scrbook 2012/05/15 v3.11 KOMA-Script document class (book)
("C:\Program Files (x86)\MiKTeX 2.9\tex\latex\koma-script\scrkbase.sty"
Package: scrkbase 2012/05/15 v3.11 KOMA-Script package (KOMA-Script-dependent b
asics and keyval usage)

("C:\Program Files (x86)\MiKTeX 2.9\tex\latex\koma-script\scrbase.sty"
Package: scrbase 2012/05/15 v3.11 KOMA-Script package (KOMA-Script-independent 
basics and keyval usage)

("C:\Program Files (x86)\MiKTeX 2.9\tex\latex\graphics\keyval.sty"
Package: keyval 1999/03/16 v1.13 key=value parser (DPC)
\KV@toks@=\toks14
)
("C:\Program Files (x86)\MiKTeX 2.9\tex\latex\koma-script\scrlfile.sty"
Package: scrlfile 2011/03/09 v3.09 KOMA-Script package (loading files)

Package scrlfile, 2011/03/09 v3.09 KOMA-Script package (loading files)
                  Copyright (C) Markus Kohm

))) ("C:\Program Files (x86)\MiKTeX 2.9\tex\latex\koma-script\tocbasic.sty"
Package: tocbasic 2012/04/04 v3.10b KOMA-Script package (handling toc-files)
)
Package tocbasic Info: omitting babel extension for `toc'
(tocbasic)             because of feature `nobabel' available
(tocbasic)             for `toc' on input line 117.
Package tocbasic Info: omitting babel extension for `lof'
(tocbasic)             because of feature `nobabel' available
(tocbasic)             for `lof' on input line 118.
Package tocbasic Info: omitting babel extension for `lot'
(tocbasic)             because of feature `nobabel' available
(tocbasic)             for `lot' on input line 119.
Package scrbook Info: You've used obsolete option `11pt'.
(scrbook)             \KOMAExecuteOptions{fontsize=11pt} will be
(scrbook)             used instead.
(scrbook)             You may simply replace `11pt'
(scrbook)             by `fontsize=11pt'.


Class scrbook Warning: You've used obsolete option `bibtotoc'.
(scrbook)              Usage of this option indicates an old document and
(scrbook)              changes compatibility level using
(scrbook)              `bibliography=totoc,version=first'.
(scrbook)              If you don't want this, you should simply replace
(scrbook)              usage of option `bibtotoc' by `bibliography=totoc'.

Class scrbook Info: Switching compatibility level to `first'.

Class scrbook Warning: You've used obsolete option `idxtotoc'.
(scrbook)              Usage of this option indicates an old document and
(scrbook)              changes compatibility level using
(scrbook)              `index=totoc,version=first'.
(scrbook)              If you don't want this, you should simply replace
(scrbook)              usage of option `idxtotoc' by `index=totoc'.

Class scrbook Info: Switching compatibility level to `first'.
Class scrbook Info: File `scrsize11pt.clo' used to setup font sizes on input li
ne 1366.
("C:\Program Files (x86)\MiKTeX 2.9\tex\latex\koma-script\scrsize11pt.clo"
File: scrsize11pt.clo 2012/05/15 v3.11 KOMA-Script font size class option (11pt
)
)
("C:\Program Files (x86)\MiKTeX 2.9\tex\latex\koma-script\typearea.sty"
Package: typearea 2012/05/15 v3.11 KOMA-Script package (type area)

Package typearea, 2012/05/15 v3.11 KOMA-Script package (type area)
                  Copyright (C) Frank Neukam, 1992-1994
                  Copyright (C) Markus Kohm, 1994-

\ta@bcor=\skip41
\ta@div=\count79
Package typearea Info: You've used standard option `a4paper'.
(typearea)             This is correct!
(typearea)             Internally I'm using `paper=a4'.
(typearea)             If you'd like to set the option with \KOMAoptions,
(typearea)             you'd have to use `paper=a4' there
(typearea)             instead of `a4paper', too.

Package typearea Warning: You've used obsolete option `footexclude'.
(typearea)                Usage of this option indicates an old document and
(typearea)                changes compatibility level using
(typearea)                `footinclude=false,version=first'.
(typearea)                If you don't want this, you should simply replace
(typearea)                usage of option `footexclude' by `footinclude=false'.


Package scrextend Info: Switching compatibility level to `first'.
\ta@hblk=\skip42
\ta@vblk=\skip43
\ta@temp=\skip44
Package typearea Info: These are the values describing the layout:
(typearea)             DIV  = 13
(typearea)             BCOR = 34.1433pt
(typearea)             \paperwidth      = 597.50793pt
(typearea)              \textwidth      = 433.35742pt
(typearea)              DIV departure   = -10%
(typearea)              \evensidemargin = 14.40149pt
(typearea)              \oddsidemargin  = 5.20905pt
(typearea)             \paperheight     = 845.04694pt
(typearea)              \textheight     = 623.00027pt
(typearea)              \topmargin      = -7.26639pt
(typearea)              \headheight     = 17.0pt
(typearea)              \headsep        = 20.40001pt
(typearea)              \topskip        = 11.0pt
(typearea)              \footskip       = 47.60002pt
(typearea)              \baselineskip   = 13.6pt
(typearea)              on input line 1211.
)
\c@part=\count80
\c@chapter=\count81
\c@section=\count82
\c@subsection=\count83
\c@subsubsection=\count84
\c@paragraph=\count85
\c@subparagraph=\count86
\abovecaptionskip=\skip45
\belowcaptionskip=\skip46
\c@pti@nb@sid@b@x=\box26
\c@figure=\count87
\c@table=\count88
\bibindent=\dimen102
) (C:\Narvis\CTSim\Doku\components/info.tex)
(C:\Narvis\CTSim\Doku\components/settings.tex
("C:\Program Files (x86)\MiKTeX 2.9\tex\latex\koma-script\scrpage2.sty"
Package: scrpage2 2010/04/22 v2.5 LaTeX2e KOMA-Script package
LaTeX Info: Redefining \pagemark on input line 176.
)
("C:\Program Files (x86)\MiKTeX 2.9\tex\latex\base\ifthen.sty"
Package: ifthen 2001/05/26 v1.1c Standard LaTeX ifthen package (DPC)
)
("C:\Program Files (x86)\MiKTeX 2.9\tex\latex\psnfss\palatino.sty"
Package: palatino 2005/04/12 PSNFSS-v9.2a (SPQR) 
)
("C:\Program Files (x86)\MiKTeX 2.9\tex\latex\psnfss\pifont.sty"
Package: pifont 2005/04/12 PSNFSS-v9.2a Pi font support (SPQR) 
LaTeX Font Info:    Try loading font information for U+pzd on input line 63.

("C:\Program Files (x86)\MiKTeX 2.9\tex\latex\psnfss\upzd.fd"
File: upzd.fd 2001/06/04 font definitions for U/pzd.
)
LaTeX Font Info:    Try loading font information for U+psy on input line 64.

("C:\Program Files (x86)\MiKTeX 2.9\tex\latex\psnfss\upsy.fd"
File: upsy.fd 2001/06/04 font definitions for U/psy.
))
("C:\Program Files (x86)\MiKTeX 2.9\tex\generic\thumbpdf\thumbpdf.sty"
Package: thumbpdf 2012/04/18 v3.15 Inclusion of thumbnails (HO)


Package thumbpdf Warning: Thumbnail data file `main.tpt' not found.

) ("C:\Program Files (x86)\MiKTeX 2.9\tex\latex\listings\listings.sty"
\lst@mode=\count89
\lst@gtempboxa=\box27
\lst@token=\toks15
\lst@length=\count90
\lst@currlwidth=\dimen103
\lst@column=\count91
\lst@pos=\count92
\lst@lostspace=\dimen104
\lst@width=\dimen105
\lst@newlines=\count93
\lst@lineno=\count94
\lst@maxwidth=\dimen106

("C:\Program Files (x86)\MiKTeX 2.9\tex\latex\listings\lstmisc.sty"
File: lstmisc.sty 2007/02/22 1.4 (Carsten Heinz)
\c@lstnumber=\count95
\lst@skipnumbers=\count96
\lst@framebox=\box28
)
("C:\Program Files (x86)\MiKTeX 2.9\tex\latex\listings\listings.cfg"
File: listings.cfg 2007/02/22 1.4 listings configuration
))
Package: listings 2007/02/22 1.4 (Carsten Heinz)

("C:\Program Files (x86)\MiKTeX 2.9\tex\latex\units\units.sty"
Package: units 1998/08/04 v0.9b Typesetting units

("C:\Program Files (x86)\MiKTeX 2.9\tex\latex\units\nicefrac.sty"
Package: nicefrac 1998/08/04 v0.9b Nice fractions
\L@UnitsRaiseDisplaystyle=\skip47
\L@UnitsRaiseTextstyle=\skip48
\L@UnitsRaiseScriptstyle=\skip49
))
("C:\Program Files (x86)\MiKTeX 2.9\tex\latex\wrapfig\wrapfig.sty"
\wrapoverhang=\dimen107
\WF@size=\dimen108
\c@WF@wrappedlines=\count97
\WF@box=\box29
\WF@everypar=\toks16
Package: wrapfig 2003/01/31  v 3.6
)
("C:\Program Files (x86)\MiKTeX 2.9\tex\latex\caption\subcaption.sty"
Package: subcaption 2012/01/12 v1.1d Sub-captions (AR)

("C:\Program Files (x86)\MiKTeX 2.9\tex\latex\caption\caption.sty"
Package: caption 2012/02/19 v3.2f Customizing captions (AR)

("C:\Program Files (x86)\MiKTeX 2.9\tex\latex\caption\caption3.sty"
Package: caption3 2012/01/12 v1.4b caption3 kernel (AR)
\captionmargin=\dimen109
\captionmargin@=\dimen110
\captionwidth=\dimen111
\caption@indent=\dimen112
\caption@parindent=\dimen113
\caption@hangindent=\dimen114
)
Package caption Info: KOMA-Script document class.
\c@ContinuedFloat=\count98
Package caption Info: listings package is loaded.
Package caption Info: wrapfig package is loaded.
)
\c@subfigure=\count99
\c@subtable=\count100
)
("C:\Program Files (x86)\MiKTeX 2.9\tex\latex\ltxmisc\url.sty"
\Urlmuskip=\muskip10
Package: url 2006/04/12  ver 3.3  Verb mode for urls, etc.
)
("C:\Program Files (x86)\MiKTeX 2.9\tex\latex\graphics\graphicx.sty"
Package: graphicx 1999/02/16 v1.0f Enhanced LaTeX Graphics (DPC,SPQR)

("C:\Program Files (x86)\MiKTeX 2.9\tex\latex\graphics\graphics.sty"
Package: graphics 2009/02/05 v1.0o Standard LaTeX Graphics (DPC,SPQR)

("C:\Program Files (x86)\MiKTeX 2.9\tex\latex\graphics\trig.sty"
Package: trig 1999/03/16 v1.09 sin cos tan (DPC)
)
("C:\Program Files (x86)\MiKTeX 2.9\tex\latex\00miktex\graphics.cfg"
File: graphics.cfg 2007/01/18 v1.5 graphics configuration of teTeX/TeXLive
)
Package graphics Info: Driver file: pdftex.def on input line 91.

("C:\Program Files (x86)\MiKTeX 2.9\tex\latex\pdftex-def\pdftex.def"
File: pdftex.def 2011/05/27 v0.06d Graphics/color for pdfTeX

("C:\Program Files (x86)\MiKTeX 2.9\tex\generic\oberdiek\infwarerr.sty"
Package: infwarerr 2010/04/08 v1.3 Providing info/warning/error messages (HO)
)
("C:\Program Files (x86)\MiKTeX 2.9\tex\generic\oberdiek\ltxcmds.sty"
Package: ltxcmds 2011/11/09 v1.22 LaTeX kernel commands for general use (HO)
)
\Gread@gobject=\count101
))
\Gin@req@height=\dimen115
\Gin@req@width=\dimen116
)
("C:\Program Files (x86)\MiKTeX 2.9\tex\latex\tools\tabularx.sty"
Package: tabularx 1999/01/07 v2.07 `tabularx' package (DPC)

("C:\Program Files (x86)\MiKTeX 2.9\tex\latex\tools\array.sty"
Package: array 2008/09/09 v2.4c Tabular extension package (FMi)
\col@sep=\dimen117
\extrarowheight=\dimen118
\NC@list=\toks17
\extratabsurround=\skip50
\backup@length=\skip51
)
\TX@col@width=\dimen119
\TX@old@table=\dimen120
\TX@old@col=\dimen121
\TX@target=\dimen122
\TX@delta=\dimen123
\TX@cols=\count102
\TX@ftn=\toks18
)
("C:\Program Files (x86)\MiKTeX 2.9\tex\latex\csquotes\csquotes.sty"
Package: csquotes 2011/10/22 v5.1d context-sensitive quotations

("C:\Program Files (x86)\MiKTeX 2.9\tex\latex\etoolbox\etoolbox.sty"
Package: etoolbox 2011/01/03 v2.1 e-TeX tools for LaTeX

("C:\Program Files (x86)\MiKTeX 2.9\tex\latex\misc\etex.sty"
Package: etex 1998/03/26 v2.0 eTeX basic definition package (PEB)
\et@xins=\count103
)
\etb@tempcnta=\count104
)
\csq@reset=\count105
\csq@gtype=\count106
\csq@glevel=\count107
\csq@qlevel=\count108
\csq@maxlvl=\count109
\csq@tshold=\count110
\csq@ltx@everypar=\toks19

("C:\Program Files (x86)\MiKTeX 2.9\tex\latex\csquotes\csquotes.def"
File: csquotes.def 2011/10/22 v5.1d csquotes generic definitions
)
Package csquotes Info: Trying to load configuration file 'csquotes.cfg'...
Package csquotes Info: ... configuration file loaded successfully.

("C:\Program Files (x86)\MiKTeX 2.9\tex\latex\csquotes\csquotes.cfg"
File: csquotes.cfg 
)
Package csquotes Info: Option 'babel' depreciated.
(csquotes)             Using 'autostyle'.
Package csquotes Info: Enabling multilingual quotes.
)
(C:\Narvis\CTSim\Doku\styles/tumlogo.sty)
("C:\Program Files (x86)\MiKTeX 2.9\tex\latex\multirow\multirow.sty"
\bigstrutjot=\dimen124
)
("C:\Program Files (x86)\MiKTeX 2.9\tex\latex\ams\math\amsmath.sty"
Package: amsmath 2000/07/18 v2.13 AMS math features
\@mathmargin=\skip52

For additional information on amsmath, use the `?' option.
("C:\Program Files (x86)\MiKTeX 2.9\tex\latex\ams\math\amstext.sty"
Package: amstext 2000/06/29 v2.01

("C:\Program Files (x86)\MiKTeX 2.9\tex\latex\ams\math\amsgen.sty"
File: amsgen.sty 1999/11/30 v2.0
\@emptytoks=\toks20
\ex@=\dimen125
))
("C:\Program Files (x86)\MiKTeX 2.9\tex\latex\ams\math\amsbsy.sty"
Package: amsbsy 1999/11/29 v1.2d
\pmbraise@=\dimen126
)
("C:\Program Files (x86)\MiKTeX 2.9\tex\latex\ams\math\amsopn.sty"
Package: amsopn 1999/12/14 v2.01 operator names
)
\inf@bad=\count111
LaTeX Info: Redefining \frac on input line 211.
\uproot@=\count112
\leftroot@=\count113
LaTeX Info: Redefining \overline on input line 307.
\classnum@=\count114
\DOTSCASE@=\count115
LaTeX Info: Redefining \ldots on input line 379.
LaTeX Info: Redefining \dots on input line 382.
LaTeX Info: Redefining \cdots on input line 467.
\Mathstrutbox@=\box30
\strutbox@=\box31
\big@size=\dimen127
LaTeX Font Info:    Redeclaring font encoding OML on input line 567.
LaTeX Font Info:    Redeclaring font encoding OMS on input line 568.
\macc@depth=\count116
\c@MaxMatrixCols=\count117
\dotsspace@=\muskip11
\c@parentequation=\count118
\dspbrk@lvl=\count119
\tag@help=\toks21
\row@=\count120
\column@=\count121
\maxfields@=\count122
\andhelp@=\toks22
\eqnshift@=\dimen128
\alignsep@=\dimen129
\tagshift@=\dimen130
\tagwidth@=\dimen131
\totwidth@=\dimen132
\lineht@=\dimen133
\@envbody=\toks23
\multlinegap=\skip53
\multlinetaggap=\skip54
\mathdisplay@stack=\toks24
LaTeX Info: Redefining \[ on input line 2666.
LaTeX Info: Redefining \] on input line 2667.
)
("C:\Program Files (x86)\MiKTeX 2.9\tex\latex\amsfonts\amsfonts.sty"
Package: amsfonts 2009/06/22 v3.00 Basic AMSFonts support
\symAMSa=\mathgroup4
\symAMSb=\mathgroup5
LaTeX Font Info:    Overwriting math alphabet `\mathfrak' in version `bold'
(Font)                  U/euf/m/n --> U/euf/b/n on input line 96.
)
("C:\Program Files (x86)\MiKTeX 2.9\tex\latex\amsfonts\amssymb.sty"
Package: amssymb 2009/06/22 v3.00
)
("C:\Program Files (x86)\MiKTeX 2.9\tex\latex\base\textcomp.sty"
Package: textcomp 2005/09/27 v1.99g Standard LaTeX package
Package textcomp Info: Sub-encoding information:
(textcomp)               5 = only ISO-Adobe without \textcurrency
(textcomp)               4 = 5 + \texteuro
(textcomp)               3 = 4 + \textohm
(textcomp)               2 = 3 + \textestimated + \textcurrency
(textcomp)               1 = TS1 - \textcircled - \t
(textcomp)               0 = TS1 (full)
(textcomp)             Font families with sub-encoding setting implement
(textcomp)             only a restricted character set as indicated.
(textcomp)             Family '?' is the default used for unknown fonts.
(textcomp)             See the documentation for details.
Package textcomp Info: Setting ? sub-encoding to TS1/1 on input line 71.

("C:\Program Files (x86)\MiKTeX 2.9\tex\latex\base\ts1enc.def"
File: ts1enc.def 2001/06/05 v3.0e (jk/car/fm) Standard LaTeX file
)
LaTeX Info: Redefining \oldstylenums on input line 266.
Package textcomp Info: Setting cmr sub-encoding to TS1/0 on input line 281.
Package textcomp Info: Setting cmss sub-encoding to TS1/0 on input line 282.
Package textcomp Info: Setting cmtt sub-encoding to TS1/0 on input line 283.
Package textcomp Info: Setting cmvtt sub-encoding to TS1/0 on input line 284.
Package textcomp Info: Setting cmbr sub-encoding to TS1/0 on input line 285.
Package textcomp Info: Setting cmtl sub-encoding to TS1/0 on input line 286.
Package textcomp Info: Setting ccr sub-encoding to TS1/0 on input line 287.
Package textcomp Info: Setting ptm sub-encoding to TS1/4 on input line 288.
Package textcomp Info: Setting pcr sub-encoding to TS1/4 on input line 289.
Package textcomp Info: Setting phv sub-encoding to TS1/4 on input line 290.
Package textcomp Info: Setting ppl sub-encoding to TS1/3 on input line 291.
Package textcomp Info: Setting pag sub-encoding to TS1/4 on input line 292.
Package textcomp Info: Setting pbk sub-encoding to TS1/4 on input line 293.
Package textcomp Info: Setting pnc sub-encoding to TS1/4 on input line 294.
Package textcomp Info: Setting pzc sub-encoding to TS1/4 on input line 295.
Package textcomp Info: Setting bch sub-encoding to TS1/4 on input line 296.
Package textcomp Info: Setting put sub-encoding to TS1/5 on input line 297.
Package textcomp Info: Setting uag sub-encoding to TS1/5 on input line 298.
Package textcomp Info: Setting ugq sub-encoding to TS1/5 on input line 299.
Package textcomp Info: Setting ul8 sub-encoding to TS1/4 on input line 300.
Package textcomp Info: Setting ul9 sub-encoding to TS1/4 on input line 301.
Package textcomp Info: Setting augie sub-encoding to TS1/5 on input line 302.
Package textcomp Info: Setting dayrom sub-encoding to TS1/3 on input line 303.
Package textcomp Info: Setting dayroms sub-encoding to TS1/3 on input line 304.

Package textcomp Info: Setting pxr sub-encoding to TS1/0 on input line 305.
Package textcomp Info: Setting pxss sub-encoding to TS1/0 on input line 306.
Package textcomp Info: Setting pxtt sub-encoding to TS1/0 on input line 307.
Package textcomp Info: Setting txr sub-encoding to TS1/0 on input line 308.
Package textcomp Info: Setting txss sub-encoding to TS1/0 on input line 309.
Package textcomp Info: Setting txtt sub-encoding to TS1/0 on input line 310.
Package textcomp Info: Setting lmr sub-encoding to TS1/0 on input line 311.
Package textcomp Info: Setting lmdh sub-encoding to TS1/0 on input line 312.
Package textcomp Info: Setting lmss sub-encoding to TS1/0 on input line 313.
Package textcomp Info: Setting lmssq sub-encoding to TS1/0 on input line 314.
Package textcomp Info: Setting lmvtt sub-encoding to TS1/0 on input line 315.
Package textcomp Info: Setting qhv sub-encoding to TS1/0 on input line 316.
Package textcomp Info: Setting qag sub-encoding to TS1/0 on input line 317.
Package textcomp Info: Setting qbk sub-encoding to TS1/0 on input line 318.
Package textcomp Info: Setting qcr sub-encoding to TS1/0 on input line 319.
Package textcomp Info: Setting qcs sub-encoding to TS1/0 on input line 320.
Package textcomp Info: Setting qpl sub-encoding to TS1/0 on input line 321.
Package textcomp Info: Setting qtm sub-encoding to TS1/0 on input line 322.
Package textcomp Info: Setting qzc sub-encoding to TS1/0 on input line 323.
Package textcomp Info: Setting qhvc sub-encoding to TS1/0 on input line 324.
Package textcomp Info: Setting futs sub-encoding to TS1/4 on input line 325.
Package textcomp Info: Setting futx sub-encoding to TS1/4 on input line 326.
Package textcomp Info: Setting futj sub-encoding to TS1/4 on input line 327.
Package textcomp Info: Setting hlh sub-encoding to TS1/3 on input line 328.
Package textcomp Info: Setting hls sub-encoding to TS1/3 on input line 329.
Package textcomp Info: Setting hlst sub-encoding to TS1/3 on input line 330.
Package textcomp Info: Setting hlct sub-encoding to TS1/5 on input line 331.
Package textcomp Info: Setting hlx sub-encoding to TS1/5 on input line 332.
Package textcomp Info: Setting hlce sub-encoding to TS1/5 on input line 333.
Package textcomp Info: Setting hlcn sub-encoding to TS1/5 on input line 334.
Package textcomp Info: Setting hlcw sub-encoding to TS1/5 on input line 335.
Package textcomp Info: Setting hlcf sub-encoding to TS1/5 on input line 336.
Package textcomp Info: Setting pplx sub-encoding to TS1/3 on input line 337.
Package textcomp Info: Setting pplj sub-encoding to TS1/3 on input line 338.
Package textcomp Info: Setting ptmx sub-encoding to TS1/4 on input line 339.
Package textcomp Info: Setting ptmj sub-encoding to TS1/4 on input line 340.
)
("C:\Program Files (x86)\MiKTeX 2.9\tex\latex\yhmath\yhmath.sty"
Package: yhmath 
LaTeX Font Info:    Redeclaring symbol font `largesymbols' on input line 12.
LaTeX Font Info:    Overwriting symbol font `largesymbols' in version `normal'
(Font)                  OMX/cmex/m/n --> OMX/yhex/m/n on input line 12.
LaTeX Font Info:    Overwriting symbol font `largesymbols' in version `bold'
(Font)                  OMX/cmex/m/n --> OMX/yhex/m/n on input line 12.
LaTeX Font Info:    Redeclaring math accent \widetilde on input line 13.
LaTeX Font Info:    Redeclaring math accent \widehat on input line 14.
)
("C:\Program Files (x86)\MiKTeX 2.9\tex\latex\base\makeidx.sty"
Package: makeidx 2000/03/29 v1.0m Standard LaTeX package
)
("C:\Program Files (x86)\MiKTeX 2.9\tex\latex\float\float.sty"
Package: float 2001/11/08 v1.3d Float enhancements (AL)
\c@float@type=\count123
\float@exts=\toks25
\float@box=\box32
\@float@everytoks=\toks26
\@floatcapt=\box33
)
("C:\Program Files (x86)\MiKTeX 2.9\tex\generic\babel\babel.sty"
Package: babel 2008/07/08 v3.8m The Babel package

*************************************
* Local config file bblopts.cfg used
*
("C:\Program Files (x86)\MiKTeX 2.9\tex\latex\00miktex\bblopts.cfg"
File: bblopts.cfg 2006/07/31 v1.0 MiKTeX 'babel' configuration
)
("C:\Program Files (x86)\MiKTeX 2.9\tex\generic\babel\germanb.ldf"
Language: germanb 2008/06/01 v2.6m German support from the babel system

("C:\Program Files (x86)\MiKTeX 2.9\tex\generic\babel\babel.def"
File: babel.def 2008/07/08 v3.8m Babel common definitions
\babel@savecnt=\count124
\U@D=\dimen134
)
\l@austrian = a dialect from \language\l@german 
Package babel Info: Making " an active character on input line 102.
)
("C:\Program Files (x86)\MiKTeX 2.9\tex\generic\babel\english.ldf"
Language: english 2005/03/30 v3.3o English support from the babel system
\l@canadian = a dialect from \language\l@american 
\l@australian = a dialect from \language\l@british 
\l@newzealand = a dialect from \language\l@british 
))
("C:\Program Files (x86)\MiKTeX 2.9\tex\latex\base\inputenc.sty"
Package: inputenc 2008/03/30 v1.1d Input encoding file
\inpenc@prehook=\toks27
\inpenc@posthook=\toks28

("C:\Program Files (x86)\MiKTeX 2.9\tex\latex\base\latin1.def"
File: latin1.def 2008/03/30 v1.1d Input encoding file
))
(C:\Narvis\CTSim\Doku\styles/shortoverview.sty

LaTeX Warning: You have requested package `styles/shortoverview',
               but the package provides `shortoverview'.

Package: shortoverview 
) ("C:\Program Files (x86)\MiKTeX 2.9\tex\latex\rotating\rotating.sty"
Package: rotating 2009/03/28 v2.16a rotated objects in LaTeX
\c@r@tfl@t=\count125
\rotFPtop=\skip55
\rotFPbot=\skip56
\rot@float@box=\box34
\rot@mess@toks=\toks29
)
("C:\Program Files (x86)\MiKTeX 2.9\tex\latex\hyperref\hyperref.sty"
Package: hyperref 2012/05/13 v6.82q Hypertext links for LaTeX

("C:\Program Files (x86)\MiKTeX 2.9\tex\generic\oberdiek\hobsub-hyperref.sty"
Package: hobsub-hyperref 2012/04/25 v1.12 Bundle oberdiek, subset hyperref (HO)


("C:\Program Files (x86)\MiKTeX 2.9\tex\generic\oberdiek\hobsub-generic.sty"
Package: hobsub-generic 2012/04/25 v1.12 Bundle oberdiek, subset generic (HO)
Package: hobsub 2012/04/25 v1.12 Construct package bundles (HO)
Package hobsub Info: Skipping package `infwarerr' (already loaded).
Package hobsub Info: Skipping package `ltxcmds' (already loaded).
Package: ifluatex 2010/03/01 v1.3 Provides the ifluatex switch (HO)
Package ifluatex Info: LuaTeX not detected.
Package: ifvtex 2010/03/01 v1.5 Detect VTeX and its facilities (HO)
Package ifvtex Info: VTeX not detected.
Package: intcalc 2007/09/27 v1.1 Expandable calculations with integers (HO)
Package: ifpdf 2011/01/30 v2.3 Provides the ifpdf switch (HO)
Package ifpdf Info: pdfTeX in PDF mode is detected.
Package: etexcmds 2011/02/16 v1.5 Avoid name clashes with e-TeX commands (HO)
Package etexcmds Info: Could not find \expanded.
(etexcmds)             That can mean that you are not using pdfTeX 1.50 or
(etexcmds)             that some package has redefined \expanded.
(etexcmds)             In the latter case, load this package earlier.
Package: kvsetkeys 2012/04/25 v1.16 Key value parser (HO)
Package: kvdefinekeys 2011/04/07 v1.3 Define keys (HO)
Package: pdftexcmds 2011/11/29 v0.20 Utility functions of pdfTeX for LuaTeX (HO
)
Package pdftexcmds Info: LuaTeX not detected.
Package pdftexcmds Info: \pdf@primitive is available.
Package pdftexcmds Info: \pdf@ifprimitive is available.
Package pdftexcmds Info: \pdfdraftmode found.
Package: pdfescape 2011/11/25 v1.13 Implements pdfTeX's escape features (HO)
Package: bigintcalc 2012/04/08 v1.3 Expandable calculations on big integers (HO
)
Package: bitset 2011/01/30 v1.1 Handle bit-vector datatype (HO)
Package: uniquecounter 2011/01/30 v1.2 Provide unlimited unique counter (HO)
)
Package hobsub Info: Skipping package `hobsub' (already loaded).
Package: letltxmacro 2010/09/02 v1.4 Let assignment for LaTeX macros (HO)
Package: hopatch 2011/06/24 v1.1 Wrapper for package hooks (HO)
Package: xcolor-patch 2011/01/30 xcolor patch
Package: atveryend 2011/06/30 v1.8 Hooks at the very end of document (HO)
Package: atbegshi 2011/10/05 v1.16 At begin shipout hook (HO)
Package: refcount 2011/10/16 v3.4 Data extraction from label references (HO)
Package: hycolor 2011/01/30 v1.7 Color options for hyperref/bookmark (HO)
)
("C:\Program Files (x86)\MiKTeX 2.9\tex\generic\ifxetex\ifxetex.sty"
Package: ifxetex 2010/09/12 v0.6 Provides ifxetex conditional
)
("C:\Program Files (x86)\MiKTeX 2.9\tex\latex\oberdiek\kvoptions.sty"
Package: kvoptions 2011/06/30 v3.11 Key value format for package options (HO)
)
\@linkdim=\dimen135
\Hy@linkcounter=\count126
\Hy@pagecounter=\count127

("C:\Program Files (x86)\MiKTeX 2.9\tex\latex\hyperref\pd1enc.def"
File: pd1enc.def 2012/05/13 v6.82q Hyperref: PDFDocEncoding definition (HO)
)
\Hy@SavedSpaceFactor=\count128

("C:\Program Files (x86)\MiKTeX 2.9\tex\latex\00miktex\hyperref.cfg"
File: hyperref.cfg 2002/06/06 v1.2 hyperref configuration of TeXLive
)
Package hyperref Info: Option `colorlinks' set `false' on input line 3941.
Package hyperref Info: Option `bookmarks' set `true' on input line 3941.
Package hyperref Info: Option `bookmarksopen' set `true' on input line 3941.


Package hyperref Warning: Unexpected value `falsebookmarksnumbered'
(hyperref)                of option `plainpages' instead of
(hyperref)                `true' or 'false' on input line 3941.

Package hyperref Info: Option `hyperindex' set `false' on input line 3941.
Package hyperref Info: Hyper figures OFF on input line 4062.
Package hyperref Info: Link nesting OFF on input line 4067.
Package hyperref Info: Hyper index OFF on input line 4072.
Package hyperref Info: Plain pages OFF on input line 4077.
Package hyperref Info: Backreferencing OFF on input line 4082.
Package hyperref Info: Implicit mode ON; LaTeX internals redefined.
Package hyperref Info: Bookmarks ON on input line 4300.
\c@Hy@tempcnt=\count129
LaTeX Info: Redefining \url on input line 4653.
\Fld@menulength=\count130
\Field@Width=\dimen136
\Fld@charsize=\dimen137
Package hyperref Info: Hyper figures OFF on input line 5773.
Package hyperref Info: Link nesting OFF on input line 5778.
Package hyperref Info: Hyper index OFF on input line 5783.
Package hyperref Info: backreferencing OFF on input line 5788.
Package hyperref Info: Link coloring OFF on input line 5793.
Package hyperref Info: Link coloring with OCG OFF on input line 5798.
Package hyperref Info: PDF/A mode OFF on input line 5803.
LaTeX Info: Redefining \ref on input line 5843.
LaTeX Info: Redefining \pageref on input line 5847.
\Hy@abspage=\count131
\c@Item=\count132
\c@Hfootnote=\count133
)

Package hyperref Message: Driver: hpdftex.

("C:\Program Files (x86)\MiKTeX 2.9\tex\latex\hyperref\hpdftex.def"
File: hpdftex.def 2012/05/13 v6.82q Hyperref driver for pdfTeX
\Fld@listcount=\count134
\c@bookmark@seq@number=\count135

("C:\Program Files (x86)\MiKTeX 2.9\tex\latex\oberdiek\rerunfilecheck.sty"
Package: rerunfilecheck 2011/04/15 v1.7 Rerun checks for auxiliary files (HO)
Package uniquecounter Info: New unique counter `rerunfilecheck' on input line 2
82.
)
\Hy@SectionHShift=\skip57
))
(C:\Narvis\CTSim\Doku\components/commands.tex
\c@theorem=\count136
)
\@glossaryfile=\write3

Writing glossary file main.glo 

Package csquotes Warning: Load 'inputenc' before 'csquotes' on input line 46.

Package csquotes Info: Checking for multilingual support...
Package csquotes Info: ... found 'babel' package.
(C:\Narvis\CTSim\Doku\main.aux)
LaTeX Font Info:    Checking defaults for OML/cmm/m/it on input line 46.
LaTeX Font Info:    ... okay on input line 46.
LaTeX Font Info:    Checking defaults for T1/cmr/m/n on input line 46.
LaTeX Font Info:    ... okay on input line 46.
LaTeX Font Info:    Checking defaults for OT1/cmr/m/n on input line 46.
LaTeX Font Info:    ... okay on input line 46.
LaTeX Font Info:    Checking defaults for OMS/cmsy/m/n on input line 46.
LaTeX Font Info:    ... okay on input line 46.
LaTeX Font Info:    Checking defaults for OMX/cmex/m/n on input line 46.
LaTeX Font Info:    ... okay on input line 46.
LaTeX Font Info:    Checking defaults for U/cmr/m/n on input line 46.
LaTeX Font Info:    ... okay on input line 46.
LaTeX Font Info:    Checking defaults for TS1/cmr/m/n on input line 46.
LaTeX Font Info:    Try loading font information for TS1+cmr on input line 46.

("C:\Program Files (x86)\MiKTeX 2.9\tex\latex\base\ts1cmr.fd"
File: ts1cmr.fd 1999/05/25 v2.5h Standard LaTeX font definitions
)
LaTeX Font Info:    ... okay on input line 46.
LaTeX Font Info:    Checking defaults for PD1/pdf/m/n on input line 46.
LaTeX Font Info:    ... okay on input line 46.
LaTeX Font Info:    Try loading font information for OT1+ppl on input line 46.

("C:\Program Files (x86)\MiKTeX 2.9\tex\latex\psnfss\ot1ppl.fd"
File: ot1ppl.fd 2001/06/04 font definitions for OT1/ppl.
)
\c@lstlisting=\count137
Package caption Info: Begin \AtBeginDocument code.
Package caption Info: float package is loaded.
Package caption Info: hyperref package is loaded.
Package caption Info: rotating package is loaded.
Package caption Info: End \AtBeginDocument code.

("C:\Program Files (x86)\MiKTeX 2.9\tex\context\base\supp-pdf.mkii"
[Loading MPS to PDF converter (version 2006.09.02).]
\scratchcounter=\count138
\scratchdimen=\dimen138
\scratchbox=\box35
\nofMPsegments=\count139
\nofMParguments=\count140
\everyMPshowfont=\toks30
\MPscratchCnt=\count141
\MPscratchDim=\dimen139
\MPnumerator=\count142
\makeMPintoPDFobject=\count143
\everyMPtoPDFconversion=\toks31
)
\AtBeginShipoutBox=\box36
Package hyperref Info: Link coloring OFF on input line 46.
 ("C:\Program Files (x86)\MiKTeX 2.9\tex\latex\hyperref\nameref.sty"
Package: nameref 2010/04/30 v2.40 Cross-referencing by name of section

("C:\Program Files (x86)\MiKTeX 2.9\tex\generic\oberdiek\gettitlestring.sty"
Package: gettitlestring 2010/12/03 v1.4 Cleanup title references (HO)
)
\c@section@level=\count144
)
LaTeX Info: Redefining \ref on input line 46.
LaTeX Info: Redefining \pageref on input line 46.
LaTeX Info: Redefining \nameref on input line 46.

(C:\Narvis\CTSim\Doku\main.out) (C:\Narvis\CTSim\Doku\main.out)
\@outlinefile=\write4

(C:\Narvis\CTSim\Doku\components/titlepage.tex
LaTeX Font Info:    Try loading font information for OMX+yhex on input line 42.


("C:\Program Files (x86)\MiKTeX 2.9\tex\latex\yhmath\omxyhex.fd"
File: OMXyhex.fd 
File: OMXyhex.fd 1996/01/04 v1.0 YH's humble contribution to TeX maths
)
LaTeX Font Info:    External font `yhcmex10' loaded for size
(Font)              <10.95> on input line 42.
LaTeX Font Info:    External font `yhcmex10' loaded for size
(Font)              <8> on input line 42.
LaTeX Font Info:    External font `yhcmex10' loaded for size
(Font)              <6> on input line 42.
LaTeX Font Info:    Try loading font information for U+msa on input line 42.

("C:\Program Files (x86)\MiKTeX 2.9\tex\latex\amsfonts\umsa.fd"
File: umsa.fd 2009/06/22 v3.00 AMS symbols A
)
LaTeX Font Info:    Try loading font information for U+msb on input line 42.

("C:\Program Files (x86)\MiKTeX 2.9\tex\latex\amsfonts\umsb.fd"
File: umsb.fd 2009/06/22 v3.00 AMS symbols B
)
<styles/IN_Black.pdf, id=137, 29.8716pt x 32.82263pt>
File: styles/IN_Black.pdf Graphic file (type pdf)

<use styles/IN_Black.pdf>
Package pdftex.def Info: styles/IN_Black.pdf used on input line 53.
(pdftex.def)             Requested size: 57.22722pt x 62.88148pt.
) (C:\Narvis\CTSim\Doku\components/abstract.tex
[1



{C:/ProgramData/MiKTeX/2.9/pdftex/config/pdftex.map} <C:/Narvis/CTSim/Doku/styl
es/IN_Black.pdf>] [2

]
LaTeX Font Info:    Font shape `OT1/ppl/bx/n' in size <14.4> not available
(Font)              Font shape `OT1/ppl/b/n' tried instead on input line 15.
) [3] [4

]
LaTeX Font Info:    Font shape `OT1/ppl/bx/n' in size <10.95> not available
(Font)              Font shape `OT1/ppl/b/n' tried instead on input line 59.
LaTeX Font Info:    Font shape `OT1/ppl/bx/n' in size <20.74> not available
(Font)              Font shape `OT1/ppl/b/n' tried instead on input line 59.
 (C:\Narvis\CTSim\Doku\main.toc
LaTeX Font Info:    Font shape `OT1/ppl/bx/n' in size <12> not available
(Font)              Font shape `OT1/ppl/b/n' tried instead on input line 37.
 [5])
\tf@toc=\write5
 [6]
(C:\Narvis\CTSim\Doku\content.tex
Chapter 1.

Class scrbook Warning: \float@addtolists detected!
(scrbook)              You should use the features of package `tocbasic'
(scrbook)              instead of \float@addtolists.
(scrbook)              Support for \float@addtolists may be removed from
(scrbook)              `scrbook' soon .


Overfull \hbox (11.9079pt too wide) in paragraph at lines 3--4
\OT1/ppl/m/n/10.95 Man-nig-faltigkeiten" the math-e-mat-i-cal the-ory com-puted
 to-mog-ra-phy is based on: He showed
 []

[1



] [2

]
Chapter 2.
<images/12_FBP.png, id=230, 481.8pt x 343.2825pt>
File: images/12_FBP.png Graphic file (type png)
 <use images/12_FBP.png>
Package pdftex.def Info: images/12_FBP.png used on input line 15.
(pdftex.def)             Requested size: 216.67871pt x 154.3814pt.


Package hyperref Warning: Token not allowed in a PDF string (PDFDocEncoding):
(hyperref)                removing `\@ifnextchar' on input line 21.


Package hyperref Warning: Token not allowed in a PDF string (PDFDocEncoding):
(hyperref)                removing `subscript' on input line 21.


Package hyperref Warning: Token not allowed in a PDF string (PDFDocEncoding):
(hyperref)                removing `subscript' on input line 21.

[3 <C:/Narvis/CTSim/Doku/images/12_FBP.png>]
<images/spectrum.png, id=242, 970.3753pt x 606.01407pt>
File: images/spectrum.png Graphic file (type png)

<use images/spectrum.png>
Package pdftex.def Info: images/spectrum.png used on input line 28.
(pdftex.def)             Requested size: 390.01903pt x 243.5757pt.


Package hyperref Warning: Token not allowed in a PDF string (PDFDocEncoding):
(hyperref)                removing `\@ifnextchar' on input line 32.

[4 <C:/Narvis/CTSim/Doku/images/spectrum.png>]

Package hyperref Warning: Token not allowed in a PDF string (PDFDocEncoding):
(hyperref)                removing `\@ifnextchar' on input line 37.

[5] <images/shepp_logan.png, id=273, 513.92pt x 513.92pt>
File: images/shepp_logan.png Graphic file (type png)

<use images/shepp_logan.png>
Package pdftex.def Info: images/shepp_logan.png used on input line 53.
(pdftex.def)             Requested size: 113.80771pt x 113.81102pt.

Underfull \hbox (badness 10000) in paragraph at lines 54--54
[][]|\OT1/ppl/m/n/10 The fa-mous Shepp
 []


Underfull \hbox (badness 5022) in paragraph at lines 54--54
\OT1/ppl/m/n/10 Lo-gan phan-tom (own
 []

<images/shepp_logan_sino.png, id=276, 513.92pt x 200.75pt>
File: images/shepp_logan_sino.png Graphic file (type png)

<use images/shepp_logan_sino.png>
Package pdftex.def Info: images/shepp_logan_sino.png used on input line 60.
(pdftex.def)             Requested size: 291.36124pt x 113.81102pt.

<images/zeng1_Shopped.png, id=282, 539.76656pt x 436.63126pt>
File: images/zeng1_Shopped.png Graphic file (type png)

<use images/zeng1_Shopped.png>
Package pdftex.def Info: images/zeng1_Shopped.png used on input line 72.
(pdftex.def)             Requested size: 105.51349pt x 85.35826pt.

Underfull \hbox (badness 10000) in paragraph at lines 73--73
[][]|\OT1/ppl/m/n/10 The sim-ple back-pro-jec-tion of a sin-gle
 []

<images/zeng2_Shopped.png, id=285, 507.39563pt x 369.63094pt>
File: images/zeng2_Shopped.png Graphic file (type png)

<use images/zeng2_Shopped.png>
Package pdftex.def Info: images/zeng2_Shopped.png used on input line 79.
(pdftex.def)             Requested size: 117.1708pt x 85.35826pt.

Overfull \hbox (4.16101pt too wide) in paragraph at lines 70--83
 [][]  [] 
 []

[6 <C:/Narvis/CTSim/Doku/images/shepp_logan.png> <C:/Narvis/CTSim/Doku/images/s
hepp_logan_sino.png>]
<images/zeng3_Shopped.png, id=302, 655.69969pt x 420.82219pt>
File: images/zeng3_Shopped.png Graphic file (type png)

<use images/zeng3_Shopped.png>
Package pdftex.def Info: images/zeng3_Shopped.png used on input line 90.
(pdftex.def)             Requested size: 132.99857pt x 85.35826pt.

<images/zeng4_Shopped.png, id=305, 478.03593pt x 405.76593pt>
File: images/zeng4_Shopped.png Graphic file (type png)

<use images/zeng4_Shopped.png>
Package pdftex.def Info: images/zeng4_Shopped.png used on input line 97.
(pdftex.def)             Requested size: 100.55827pt x 85.35826pt.

Underfull \hbox (badness 4060) in paragraph at lines 98--98
[][]|\OT1/ppl/m/n/10 ...re-sults in a crisp re-con-struc-tion of the
 []


Overfull \hbox (4.16101pt too wide) in paragraph at lines 88--101
 [][]  [] 
 []

[7 <C:/Narvis/CTSim/Doku/images/zeng1_Shopped.png> <C:/Narvis/CTSim/Doku/images
/zeng2_Shopped.png> <C:/Narvis/CTSim/Doku/images/zeng3_Shopped.png> <C:/Narvis/
CTSim/Doku/images/zeng4_Shopped.png>] [8

]
Chapter 3.
LaTeX Font Info:    Try loading font information for OT1+pcr on input line 107.

("C:\Program Files (x86)\MiKTeX 2.9\tex\latex\psnfss\ot1pcr.fd"
File: ot1pcr.fd 2001/06/04 font definitions for OT1/pcr.
) [9]
<images/MainLoop.png, id=339, 1412.27625pt x 557.08125pt>
File: images/MainLoop.png Graphic file (type png)

<use images/MainLoop.png>
Package pdftex.def Info: images/MainLoop.png used on input line 117.
(pdftex.def)             Requested size: 433.35742pt x 170.94232pt.
LaTeX Font Info:    Try loading font information for TS1+ppl on input line 124.


("C:\Program Files (x86)\MiKTeX 2.9\tex\latex\psnfss\ts1ppl.fd"
File: ts1ppl.fd 2001/06/04 font definitions for TS1/ppl.
)
Overfull \hbox (13.12654pt too wide) in paragraph at lines 124--125
[]\OT1/pcr/m/n/10.95 int project(int projectionNumber, double angle) \OT1/ppl/m
/n/10.95 cal-cu-lates one com-plete pro-
 []


Underfull \vbox (badness 6125) has occurred while \output is active []

 [10 <C:/Narvis/CTSim/Doku/images/MainLoop.png (PNG copy)>]
<images/ArnesenSpeedupCombined.png, id=352, 737.75626pt x 220.57407pt>
File: images/ArnesenSpeedupCombined.png Graphic file (type png)

<use images/ArnesenSpeedupCombined.png>
Package pdftex.def Info: images/ArnesenSpeedupCombined.png used on input line 1
37.
(pdftex.def)             Requested size: 433.35742pt x 129.5654pt.


LaTeX Warning: `!h' float specifier changed to `!ht'.


Overfull \hbox (1.66122pt too wide) in paragraph at lines 145--146
\OT1/ppl/m/n/10.95 each ma-te-rial. They have to be in []\OT1/pcr/m/n/10.95 pgm
 \OT1/ppl/m/n/10.95 for-mat and named []\OT1/pcr/m/n/10.95 air.pgm\OT1/ppl/m/n/
10.95 , []\OT1/pcr/m/n/10.95 bone.pgm\OT1/ppl/m/n/10.95 , []\OT1/pcr/m/n/10.95 
iron.pgm\OT1/ppl/m/n/10.95 ,
 []

[11] <images/KoreanAir.png, id=368, 513.92pt x 513.92pt>
File: images/KoreanAir.png Graphic file (type png)

<use images/KoreanAir.png>
Package pdftex.def Info: images/KoreanAir.png used on input line 151.
(pdftex.def)             Requested size: 113.80771pt x 113.81102pt.

Underfull \hbox (badness 1152) in paragraph at lines 152--152
[][]|\OT1/ppl/m/n/10 The air sur-round-ing the
 []

<images/KoreanBone.png, id=369, 513.92pt x 513.92pt>
File: images/KoreanBone.png Graphic file (type png)

<use images/KoreanBone.png>
Package pdftex.def Info: images/KoreanBone.png used on input line 158.
(pdftex.def)             Requested size: 113.80771pt x 113.81102pt.

<images/KoreanIron.png, id=370, 513.92pt x 513.92pt>
File: images/KoreanIron.png Graphic file (type png)

<use images/KoreanIron.png>
Package pdftex.def Info: images/KoreanIron.png used on input line 165.
(pdftex.def)             Requested size: 113.80771pt x 113.81102pt.

<images/KoreanMuscle.png, id=371, 513.92pt x 513.92pt>
File: images/KoreanMuscle.png Graphic file (type png)

<use images/KoreanMuscle.png>
Package pdftex.def Info: images/KoreanMuscle.png used on input line 172.
(pdftex.def)             Requested size: 113.80771pt x 113.81102pt.

Underfull \hbox (badness 1648) in paragraph at lines 173--173
[][]|\OT1/ppl/m/n/10 The mus-cu-lar struc-tures
 []

<images/KoreanTissue.png, id=372, 513.92pt x 513.92pt>
File: images/KoreanTissue.png Graphic file (type png)

<use images/KoreanTissue.png>
Package pdftex.def Info: images/KoreanTissue.png used on input line 179.
(pdftex.def)             Requested size: 113.80771pt x 113.81102pt.

Underfull \hbox (badness 10000) in paragraph at lines 180--180
[][]|\OT1/ppl/m/n/10 Tis-sue ma-te-rial of the
 []

<images/KoreanWater.png, id=373, 513.92pt x 513.92pt>
File: images/KoreanWater.png Graphic file (type png)

<use images/KoreanWater.png>
Package pdftex.def Info: images/KoreanWater.png used on input line 186.
(pdftex.def)             Requested size: 113.80771pt x 113.81102pt.


LaTeX Warning: `!h' float specifier changed to `!ht'.

<images/F5large.jpg, id=378, 1806.75pt x 1053.9375pt>
File: images/F5large.jpg Graphic file (type jpg)
 <use images/F5large.jpg>
Package pdftex.def Info: images/F5large.jpg used on input line 196.
(pdftex.def)             Requested size: 260.01709pt x 151.66718pt.

<images/tubeSpectrum.png, id=381, 1004.75375pt x 609.27625pt>
File: images/tubeSpectrum.png Graphic file (type png)

<use images/tubeSpectrum.png>
Package pdftex.def Info: images/tubeSpectrum.png used on input line 202.
(pdftex.def)             Requested size: 216.67871pt x 131.3916pt.


LaTeX Warning: `!h' float specifier changed to `!ht'.


LaTeX Warning: `!h' float specifier changed to `!ht'.

<images/muscle.png, id=384, 668.4975pt x 521.95pt>
File: images/muscle.png Graphic file (type png)
 <use images/muscle.png>
Package pdftex.def Info: images/muscle.png used on input line 210.
(pdftex.def)             Requested size: 216.67871pt x 169.17776pt.

[12 <C:/Narvis/CTSim/Doku/images/ArnesenSpeedupCombined.png>]

LaTeX Warning: `!h' float specifier changed to `!ht'.


Underfull \vbox (badness 10000) has occurred while \output is active []

 [13 <C:/Narvis/CTSim/Doku/images/KoreanAir.png> <C:/Narvis/CTSim/Doku/images/K
oreanBone.png> <C:/Narvis/CTSim/Doku/images/KoreanIron.png> <C:/Narvis/CTSim/Do
ku/images/KoreanMuscle.png> <C:/Narvis/CTSim/Doku/images/KoreanTissue.png> <C:/
Narvis/CTSim/Doku/images/KoreanWater.png> <C:/Narvis/CTSim/Doku/images/F5large.
jpg>]
Underfull \vbox (badness 1496) has occurred while \output is active []

 [14 <C:/Narvis/CTSim/Doku/images/tubeSpectrum.png> <C:/Narvis/CTSim/Doku/image
s/muscle.png>] [15] [16

]
Chapter 4.
[17] [18

]
Chapter 5.
[19] [20

]
LaTeX Font Info:    Font shape `OT1/ppl/bx/n' in size <24.88> not available
(Font)              Font shape `OT1/ppl/b/n' tried instead on input line 257.
 [21] [22]
Appendix A.
<images/15_FBP.png, id=466, 324.21124pt x 292.09125pt>
File: images/15_FBP.png Graphic file (type png)
 <use images/15_FBP.png>
Package pdftex.def Info: images/15_FBP.png used on input line 266.
(pdftex.def)             Requested size: 216.67871pt x 195.2143pt.

<images/14_FBP.png, id=469, 481.8pt x 343.2825pt>
File: images/14_FBP.png Graphic file (type png)
 <use images/14_FBP.png>
Package pdftex.def Info: images/14_FBP.png used on input line 271.
(pdftex.def)             Requested size: 216.67871pt x 154.3814pt.

<images/13_FBP.png, id=472, 324.21124pt x 292.09125pt>
File: images/13_FBP.png Graphic file (type png)
 <use images/13_FBP.png>
Package pdftex.def Info: images/13_FBP.png used on input line 276.
(pdftex.def)             Requested size: 216.67871pt x 195.2143pt.


LaTeX Warning: `!h' float specifier changed to `!ht'.

<images/11_FBP.png, id=475, 481.8pt x 343.2825pt>
File: images/11_FBP.png Graphic file (type png)
 <use images/11_FBP.png>
Package pdftex.def Info: images/11_FBP.png used on input line 281.
(pdftex.def)             Requested size: 216.67871pt x 154.3814pt.


LaTeX Warning: `!h' float specifier changed to `!ht'.

<images/06_FBP.png, id=478, 421.575pt x 330.23375pt>
File: images/06_FBP.png Graphic file (type png)
 <use images/06_FBP.png>
Package pdftex.def Info: images/06_FBP.png used on input line 286.
(pdftex.def)             Requested size: 216.67871pt x 169.73213pt.


LaTeX Warning: `!h' float specifier changed to `!ht'.

<images/05_FBP.png, id=481, 481.8pt x 311.1625pt>
File: images/05_FBP.png Graphic file (type png)
 <use images/05_FBP.png>
Package pdftex.def Info: images/05_FBP.png used on input line 291.
(pdftex.def)             Requested size: 216.67871pt x 139.93637pt.


LaTeX Warning: `!h' float specifier changed to `!ht'.

<images/09_FBP.png, id=484, 481.8pt x 343.2825pt>
File: images/09_FBP.png Graphic file (type png)
 <use images/09_FBP.png>
Package pdftex.def Info: images/09_FBP.png used on input line 296.
(pdftex.def)             Requested size: 216.67871pt x 154.3814pt.


LaTeX Warning: `!h' float specifier changed to `!ht'.

<images/01_FBP.png, id=487, 481.8pt x 343.2825pt>
File: images/01_FBP.png Graphic file (type png)
 <use images/01_FBP.png>
Package pdftex.def Info: images/01_FBP.png used on input line 301.
(pdftex.def)             Requested size: 216.67871pt x 154.3814pt.


LaTeX Warning: `!h' float specifier changed to `!ht'.

<images/03_FBP.png, id=490, 481.8pt x 343.2825pt>
File: images/03_FBP.png Graphic file (type png)
 <use images/03_FBP.png>
Package pdftex.def Info: images/03_FBP.png used on input line 306.
(pdftex.def)             Requested size: 216.67871pt x 154.3814pt.


LaTeX Warning: `!h' float specifier changed to `!ht'.

<images/04_FBP.png, id=493, 481.8pt x 364.36125pt>
File: images/04_FBP.png Graphic file (type png)
 <use images/04_FBP.png>
Package pdftex.def Info: images/04_FBP.png used on input line 311.
(pdftex.def)             Requested size: 216.67871pt x 163.86096pt.


LaTeX Warning: `!h' float specifier changed to `!ht'.

) [23

 <C:/Narvis/CTSim/Doku/images/15_FBP.png> <C:/Narvis/CTSim/Doku/images/14_FBP.p
ng>] [24 <C:/Narvis/CTSim/Doku/images/13_FBP.png> <C:/Narvis/CTSim/Doku/images/
11_FBP.png> <C:/Narvis/CTSim/Doku/images/06_FBP.png>] [25 <C:/Narvis/CTSim/Doku
/images/05_FBP.png> <C:/Narvis/CTSim/Doku/images/09_FBP.png> <C:/Narvis/CTSim/D
oku/images/01_FBP.png>] [26 <C:/Narvis/CTSim/Doku/images/03_FBP.png> <C:/Narvis
/CTSim/Doku/images/04_FBP.png>] (C:\Narvis\CTSim\Doku\main.bbl [27


])
Package atveryend Info: Empty hook `BeforeClearDocument' on input line 74.

[28]
Package atveryend Info: Empty hook `AfterLastShipout' on input line 74.
 (C:\Narvis\CTSim\Doku\main.aux)
Package atveryend Info: Executing hook `AtVeryEndDocument' on input line 74.
Package atveryend Info: Executing hook `AtEndAfterFileList' on input line 74.
Package rerunfilecheck Info: File `main.out' has not changed.
(rerunfilecheck)             Checksum: E8A7766C09F45F4DD9E2D69BC1133D73;2414.
 ) 
Here is how much of TeX's memory you used:
 12674 strings out of 494045
 190039 string characters out of 3145956
 313362 words of memory out of 3000000
 15562 multiletter control sequences out of 15000+200000
 26860 words of font info for 68 fonts, out of 3000000 for 9000
 715 hyphenation exceptions out of 8191
 51i,11n,55p,944b,1050s stack positions out of 5000i,500n,10000p,200000b,50000s
{C:/Program Files (x86)/MiKTeX 2.9/fonts/enc/dvips/fontname/8r.enc} <C:\Users
\Alexander\AppData\Local\MiKTeX\2.9\fonts\pk\ljfour\public\yhmath\dpi600\yhcmex
10.pk><C:/Program Files (x86)/MiKTeX 2.9/fonts/type1/public/amsfonts/cm/cmmi10.
pfb><C:/Program Files (x86)/MiKTeX 2.9/fonts/type1/public/amsfonts/cm/cmmi6.pfb
><C:/Program Files (x86)/MiKTeX 2.9/fonts/type1/public/amsfonts/cm/cmmi8.pfb><C
:/Program Files (x86)/MiKTeX 2.9/fonts/type1/public/amsfonts/cm/cmr10.pfb><C:/P
rogram Files (x86)/MiKTeX 2.9/fonts/type1/public/amsfonts/cm/cmr6.pfb><C:/Progr
am Files (x86)/MiKTeX 2.9/fonts/type1/public/amsfonts/cm/cmr8.pfb><C:/Program F
iles (x86)/MiKTeX 2.9/fonts/type1/public/amsfonts/cm/cmsy10.pfb><C:/Program Fil
es (x86)/MiKTeX 2.9/fonts/type1/public/amsfonts/cm/cmsy6.pfb><C:/Program Files 
(x86)/MiKTeX 2.9/fonts/type1/public/amsfonts/cm/cmsy8.pfb><C:/Program Files (x8
6)/MiKTeX 2.9/fonts/type1/urw/courier/ucrr8a.pfb><C:/Program Files (x86)/MiKTeX
 2.9/fonts/type1/urw/palatino/uplb8a.pfb><C:/Program Files (x86)/MiKTeX 2.9/fon
ts/type1/urw/palatino/uplr8a.pfb><C:/Program Files (x86)/MiKTeX 2.9/fonts/type1
/urw/palatino/uplr8a.pfb><C:/Program Files (x86)/MiKTeX 2.9/fonts/type1/urw/pal
atino/uplri8a.pfb>
Output written on main.pdf (34 pages, 1983567 bytes).
PDF statistics:
 634 PDF objects out of 1000 (max. 8388607)
 126 named destinations out of 1000 (max. 500000)
 423 words of extra memory for PDF output out of 10000 (max. 10000000)

